INFO  2016-06-01 15:03:38,087 (Saros.java:220) Starting Saros 14.10.31 running:
  Java Version: 1.8.0_51
  Java Vendor: Oracle Corporation
  Eclipse Runtime Version: 3.11.1.v20150903-1804
  Operating System: Windows 7 (6.1)
  Hardware Architecture: x86
INFO  2016-06-01 15:03:38,320 (SarosContext.java:153) creating Saros runtime context...
DEBUG 2016-06-01 15:03:38,557 (XMPPAccountStore.java:117) loading accounts from file: C:\Users\jac.breton\.saros\config.dat
DEBUG 2016-06-01 15:03:39,700 (XMPPAccountStore.java:176) loaded 2 account(s)
INFO  2016-06-01 15:03:40,153 (SarosContext.java:199) successfully created Saros runtime context
DEBUG 2016-06-01 15:03:40,237 (DataTransferManager.java:467) used transport order for the current XMPP connection: [XMPP-Socks5-Transport, XMPP-IBB-Transport]
INFO  2016-06-01 15:03:40,302 (PreferenceInitializer.java:50) initializing preference default values
DEBUG 2016-06-01 15:03:40,499 (SarosAnnotation.java:117) resetting annotation colors
DEBUG 2016-06-01 15:03:40,974 (Saros.java:430) skipping conversion of old XMPP accounts, because there are already new ones
DEBUG 2016-06-01 15:03:54,253 (WhiteboardManager.java:194) WhiteboardManager instantiated
DEBUG 2016-06-01 15:03:54,278 (DocumentRecord.java:93) Added Node: attr(146480783427020960) name=svg
DEBUG 2016-06-01 15:03:54,480 (IconUtils.java:197) color: RGB {255, 255, 255}
DEBUG 2016-06-01 15:03:54,482 (IconUtils.java:208) create foreground icon with color RGB {0, 0, 0}
DEBUG 2016-06-01 15:04:13,371 (XMPPConnectionService.java:439) started Socks5 proxy on port: 7777 [listening on all interfaces]
DEBUG 2016-06-01 15:04:13,624 (XMPPConnectionService.java:459) using autodetected addresses: [192.168.1.187]
DEBUG 2016-06-01 15:04:13,727 (XMPPConnectionService.java:398)  new connection state == CONNECTING
DEBUG 2016-06-01 15:04:17,165 (XMPPConnectionService.java:398) jackcbreton@saros-con.imp.fu-berlin.de/Saros new connection state == CONNECTED
DEBUG 2016-06-01 15:04:17,166 (DataTransferManager.java:467) used transport order for the current XMPP connection: [XMPP-Socks5-Transport, XMPP-IBB-Transport]
DEBUG 2016-06-01 15:04:17,171 (SkypeManager.java:289) Refreshing Skype username cache...
WARN  2016-06-01 15:04:24,256 (StunServiceImpl.java:420) received no response from STUN server stunserver.org/69.172.201.153:3478 at local address /192.168.1.187:0
DEBUG 2016-06-01 15:06:35,804 (XMPPConnectionService.java:398) jackcbreton@saros-con.imp.fu-berlin.de/Saros new connection state == DISCONNECTING
DEBUG 2016-06-01 15:06:35,962 (XMPPConnectionService.java:398)  new connection state == NOT_CONNECTED
DEBUG 2016-06-01 15:06:35,964 (UPnPServiceImpl.java:295) deleting existing port mappings
